<?xml version="1.0" encoding="UTF-8"?>
<!-- Generated by org.testng.reporters.JUnitXMLReporter -->
<testsuite ignored="0" hostname="DESKTOP-CABG1HH" failures="1" tests="1" name="Default test" time="4.586" errors="0" timestamp="2022-08-11T03:18:23 IST">
  <testcase classname="com.rah.testscript.TC002" name="tc002" time="4.499">
    <failure type="java.lang.StackOverflowError">
      <![CDATA[java.lang.StackOverflowError
at com.hrms.utility.Log.info(Log.java:10)
at com.hrms.utility.Log.info(Log.java:10)
at com.hrms.utility.Log.info(Log.java:10)
at com.hrms.utility.Log.info(Log.java:10)
at com.hrms.utility.Log.info(Log.java:10)
at com.hrms.utility.Log.info(Log.java:10)
at com.hrms.utility.Log.info(Log.java:10)
at com.hrms.utility.Log.info(Log.java:10)
at com.hrms.utility.Log.info(Log.java:10)
at com.hrms.utility.Log.info(Log.java:10)
at com.hrms.utility.Log.info(Log.java:10)
at com.hrms.utility.Log.info(Log.java:10)
at com.hrms.utility.Log.info(Log.java:10)
at com.hrms.utility.Log.info(Log.java:10)
at com.hrms.utility.Log.info(Log.java:10)
at com.hrms.utility.Log.info(Log.java:10)
at com.hrms.utility.Log.info(Log.java:10)
at com.hrms.utility.Log.info(Log.java:10)
at com.hrms.utility.Log.info(Log.java:10)
at com.hrms.utility.Log.info(Log.java:10)
at com.hrms.utility.Log.info(Log.java:10)
at com.hrms.utility.Log.info(Log.java:10)
at com.hrms.utility.Log.info(Log.java:10)
at com.hrms.utility.Log.info(Log.java:10)
at com.hrms.utility.Log.info(Log.java:10)
at com.hrms.utility.Log.info(Log.java:10)
at com.hrms.utility.Log.info(Log.java:10)
at com.hrms.utility.Log.info(Log.java:10)
at com.hrms.utility.Log.info(Log.java:10)
at com.hrms.utility.Log.info(Log.java:10)
at com.hrms.utility.Log.info(Log.java:10)
at com.hrms.utility.Log.info(Log.java:10)
at com.hrms.utility.Log.info(Log.java:10)
at com.hrms.utility.Log.info(Log.java:10)
at com.hrms.utility.Log.info(Log.java:10)
at com.hrms.utility.Log.info(Log.java:10)
at com.hrms.utility.Log.info(Log.java:10)
at com.hrms.utility.Log.info(Log.java:10)
at com.hrms.utility.Log.info(Log.java:10)
at com.hrms.utility.Log.info(Log.java:10)
at com.hrms.utility.Log.info(Log.java:10)
at com.hrms.utility.Log.info(Log.java:10)
at com.hrms.utility.Log.info(Log.java:10)
at com.hrms.utility.Log.info(Log.java:10)
at com.hrms.utility.Log.info(Log.java:10)
at com.hrms.utility.Log.info(Log.java:10)
at com.hrms.utility.Log.info(Log.java:10)
at com.hrms.utility.Log.info(Log.java:10)
at com.hrms.utility.Log.info(Log.java:10)
at com.hrms.utility.Log.info(Log.java:10)
at com.hrms.utility.Log.info(Log.java:10)
at com.hrms.utility.Log.info(Log.java:10)
at com.hrms.utility.Log.info(Log.java:10)
at com.hrms.utility.Log.info(Log.java:10)
at com.hrms.utility.Log.info(Log.java:10)
at com.hrms.utility.Log.info(Log.java:10)
at com.hrms.utility.Log.info(Log.java:10)
at com.hrms.utility.Log.info(Log.java:10)
at com.hrms.utility.Log.info(Log.java:10)
at com.hrms.utility.Log.info(Log.java:10)
at com.hrms.utility.Log.info(Log.java:10)
at com.hrms.utility.Log.info(Log.java:10)
at com.hrms.utility.Log.info(Log.java:10)
at com.hrms.utility.Log.info(Log.java:10)
at com.hrms.utility.Log.info(Log.java:10)
at com.hrms.utility.Log.info(Log.java:10)
at com.hrms.utility.Log.info(Log.java:10)
at com.hrms.utility.Log.info(Log.java:10)
at com.hrms.utility.Log.info(Log.java:10)
at com.hrms.utility.Log.info(Log.java:10)
at com.hrms.utility.Log.info(Log.java:10)
at com.hrms.utility.Log.info(Log.java:10)
at com.hrms.utility.Log.info(Log.java:10)
at com.hrms.utility.Log.info(Log.java:10)
at com.hrms.utility.Log.info(Log.java:10)
at com.hrms.utility.Log.info(Log.java:10)
at com.hrms.utility.Log.info(Log.java:10)
at com.hrms.utility.Log.info(Log.java:10)
at com.hrms.utility.Log.info(Log.java:10)
at com.hrms.utility.Log.info(Log.java:10)
at com.hrms.utility.Log.info(Log.java:10)
at com.hrms.utility.Log.info(Log.java:10)
at com.hrms.utility.Log.info(Log.java:10)
at com.hrms.utility.Log.info(Log.java:10)
at com.hrms.utility.Log.info(Log.java:10)
at com.hrms.utility.Log.info(Log.java:10)
at com.hrms.utility.Log.info(Log.java:10)
at com.hrms.utility.Log.info(Log.java:10)
at com.hrms.utility.Log.info(Log.java:10)
at com.hrms.utility.Log.info(Log.java:10)
at com.hrms.utility.Log.info(Log.java:10)
at com.hrms.utility.Log.info(Log.java:10)
at com.hrms.utility.Log.info(Log.java:10)
at com.hrms.utility.Log.info(Log.java:10)
at com.hrms.utility.Log.info(Log.java:10)
at com.hrms.utility.Log.info(Log.java:10)
at com.hrms.utility.Log.info(Log.java:10)
at com.hrms.utility.Log.info(Log.java:10)
at com.hrms.utility.Log.info(Log.java:10)
at com.hrms.utility.Log.info(Log.java:10)
at com.hrms.utility.Log.info(Log.java:10)
at com.hrms.utility.Log.info(Log.java:10)
at com.hrms.utility.Log.info(Log.java:10)
at com.hrms.utility.Log.info(Log.java:10)
at com.hrms.utility.Log.info(Log.java:10)
at com.hrms.utility.Log.info(Log.java:10)
at com.hrms.utility.Log.info(Log.java:10)
at com.hrms.utility.Log.info(Log.java:10)
at com.hrms.utility.Log.info(Log.java:10)
at com.hrms.utility.Log.info(Log.java:10)
at com.hrms.utility.Log.info(Log.java:10)
at com.hrms.utility.Log.info(Log.java:10)
at com.hrms.utility.Log.info(Log.java:10)
at com.hrms.utility.Log.info(Log.java:10)
at com.hrms.utility.Log.info(Log.java:10)
at com.hrms.utility.Log.info(Log.java:10)
at com.hrms.utility.Log.info(Log.java:10)
at com.hrms.utility.Log.info(Log.java:10)
at com.hrms.utility.Log.info(Log.java:10)
at com.hrms.utility.Log.info(Log.java:10)
at com.hrms.utility.Log.info(Log.java:10)
at com.hrms.utility.Log.info(Log.java:10)
at com.hrms.utility.Log.info(Log.java:10)
at com.hrms.utility.Log.info(Log.java:10)
at com.hrms.utility.Log.info(Log.java:10)
at com.hrms.utility.Log.info(Log.java:10)
at com.hrms.utility.Log.info(Log.java:10)
at com.hrms.utility.Log.info(Log.java:10)
at com.hrms.utility.Log.info(Log.java:10)
at com.hrms.utility.Log.info(Log.java:10)
at com.hrms.utility.Log.info(Log.java:10)
at com.hrms.utility.Log.info(Log.java:10)
at com.hrms.utility.Log.info(Log.java:10)
at com.hrms.utility.Log.info(Log.java:10)
at com.hrms.utility.Log.info(Log.java:10)
at com.hrms.utility.Log.info(Log.java:10)
at com.hrms.utility.Log.info(Log.java:10)
at com.hrms.utility.Log.info(Log.java:10)
at com.hrms.utility.Log.info(Log.java:10)
at com.hrms.utility.Log.info(Log.java:10)
at com.hrms.utility.Log.info(Log.java:10)
at com.hrms.utility.Log.info(Log.java:10)
at com.hrms.utility.Log.info(Log.java:10)
at com.hrms.utility.Log.info(Log.java:10)
at com.hrms.utility.Log.info(Log.java:10)
at com.hrms.utility.Log.info(Log.java:10)
at com.hrms.utility.Log.info(Log.java:10)
at com.hrms.utility.Log.info(Log.java:10)
at com.hrms.utility.Log.info(Log.java:10)
at com.hrms.utility.Log.info(Log.java:10)
at com.hrms.utility.Log.info(Log.java:10)
at com.hrms.utility.Log.info(Log.java:10)
at com.hrms.utility.Log.info(Log.java:10)
at com.hrms.utility.Log.info(Log.java:10)
at com.hrms.utility.Log.info(Log.java:10)
at com.hrms.utility.Log.info(Log.java:10)
at com.hrms.utility.Log.info(Log.java:10)
at com.hrms.utility.Log.info(Log.java:10)
at com.hrms.utility.Log.info(Log.java:10)
at com.hrms.utility.Log.info(Log.java:10)
at com.hrms.utility.Log.info(Log.java:10)
at com.hrms.utility.Log.info(Log.java:10)
at com.hrms.utility.Log.info(Log.java:10)
at com.hrms.utility.Log.info(Log.java:10)
at com.hrms.utility.Log.info(Log.java:10)
at com.hrms.utility.Log.info(Log.java:10)
at com.hrms.utility.Log.info(Log.java:10)
at com.hrms.utility.Log.info(Log.java:10)
at com.hrms.utility.Log.info(Log.java:10)
at com.hrms.utility.Log.info(Log.java:10)
at com.hrms.utility.Log.info(Log.java:10)
at com.hrms.utility.Log.info(Log.java:10)
at com.hrms.utility.Log.info(Log.java:10)
at com.hrms.utility.Log.info(Log.java:10)
at com.hrms.utility.Log.info(Log.java:10)
at com.hrms.utility.Log.info(Log.java:10)
at com.hrms.utility.Log.info(Log.java:10)
at com.hrms.utility.Log.info(Log.java:10)
at com.hrms.utility.Log.info(Log.java:10)
at com.hrms.utility.Log.info(Log.java:10)
at com.hrms.utility.Log.info(Log.java:10)
at com.hrms.utility.Log.info(Log.java:10)
at com.hrms.utility.Log.info(Log.java:10)
at com.hrms.utility.Log.info(Log.java:10)
at com.hrms.utility.Log.info(Log.java:10)
at com.hrms.utility.Log.info(Log.java:10)
at com.hrms.utility.Log.info(Log.java:10)
at com.hrms.utility.Log.info(Log.java:10)
at com.hrms.utility.Log.info(Log.java:10)
at com.hrms.utility.Log.info(Log.java:10)
at com.hrms.utility.Log.info(Log.java:10)
at com.hrms.utility.Log.info(Log.java:10)
at com.hrms.utility.Log.info(Log.java:10)
at com.hrms.utility.Log.info(Log.java:10)
at com.hrms.utility.Log.info(Log.java:10)
at com.hrms.utility.Log.info(Log.java:10)
at com.hrms.utility.Log.info(Log.java:10)
at com.hrms.utility.Log.info(Log.java:10)
at com.hrms.utility.Log.info(Log.java:10)
at com.hrms.utility.Log.info(Log.java:10)
at com.hrms.utility.Log.info(Log.java:10)
at com.hrms.utility.Log.info(Log.java:10)
at com.hrms.utility.Log.info(Log.java:10)
at com.hrms.utility.Log.info(Log.java:10)
at com.hrms.utility.Log.info(Log.java:10)
at com.hrms.utility.Log.info(Log.java:10)
at com.hrms.utility.Log.info(Log.java:10)
at com.hrms.utility.Log.info(Log.java:10)
at com.hrms.utility.Log.info(Log.java:10)
at com.hrms.utility.Log.info(Log.java:10)
at com.hrms.utility.Log.info(Log.java:10)
at com.hrms.utility.Log.info(Log.java:10)
at com.hrms.utility.Log.info(Log.java:10)
at com.hrms.utility.Log.info(Log.java:10)
at com.hrms.utility.Log.info(Log.java:10)
at com.hrms.utility.Log.info(Log.java:10)
at com.hrms.utility.Log.info(Log.java:10)
at com.hrms.utility.Log.info(Log.java:10)
at com.hrms.utility.Log.info(Log.java:10)
at com.hrms.utility.Log.info(Log.java:10)
at com.hrms.utility.Log.info(Log.java:10)
at com.hrms.utility.Log.info(Log.java:10)
at com.hrms.utility.Log.info(Log.java:10)
at com.hrms.utility.Log.info(Log.java:10)
at com.hrms.utility.Log.info(Log.java:10)
at com.hrms.utility.Log.info(Log.java:10)
at com.hrms.utility.Log.info(Log.java:10)
at com.hrms.utility.Log.info(Log.java:10)
at com.hrms.utility.Log.info(Log.java:10)
at com.hrms.utility.Log.info(Log.java:10)
at com.hrms.utility.Log.info(Log.java:10)
at com.hrms.utility.Log.info(Log.java:10)
at com.hrms.utility.Log.info(Log.java:10)
at com.hrms.utility.Log.info(Log.java:10)
at com.hrms.utility.Log.info(Log.java:10)
at com.hrms.utility.Log.info(Log.java:10)
at com.hrms.utility.Log.info(Log.java:10)
at com.hrms.utility.Log.info(Log.java:10)
at com.hrms.utility.Log.info(Log.java:10)
at com.hrms.utility.Log.info(Log.java:10)
at com.hrms.utility.Log.info(Log.java:10)
at com.hrms.utility.Log.info(Log.java:10)
at com.hrms.utility.Log.info(Log.java:10)
at com.hrms.utility.Log.info(Log.java:10)
at com.hrms.utility.Log.info(Log.java:10)
at com.hrms.utility.Log.info(Log.java:10)
at com.hrms.utility.Log.info(Log.java:10)
at com.hrms.utility.Log.info(Log.java:10)
at com.hrms.utility.Log.info(Log.java:10)
at com.hrms.utility.Log.info(Log.java:10)
at com.hrms.utility.Log.info(Log.java:10)
at com.hrms.utility.Log.info(Log.java:10)
at com.hrms.utility.Log.info(Log.java:10)
at com.hrms.utility.Log.info(Log.java:10)
at com.hrms.utility.Log.info(Log.java:10)
at com.hrms.utility.Log.info(Log.java:10)
at com.hrms.utility.Log.info(Log.java:10)
at com.hrms.utility.Log.info(Log.java:10)
at com.hrms.utility.Log.info(Log.java:10)
at com.hrms.utility.Log.info(Log.java:10)
at com.hrms.utility.Log.info(Log.java:10)
at com.hrms.utility.Log.info(Log.java:10)
at com.hrms.utility.Log.info(Log.java:10)
at com.hrms.utility.Log.info(Log.java:10)
at com.hrms.utility.Log.info(Log.java:10)
at com.hrms.utility.Log.info(Log.java:10)
at com.hrms.utility.Log.info(Log.java:10)
at com.hrms.utility.Log.info(Log.java:10)
at com.hrms.utility.Log.info(Log.java:10)
at com.hrms.utility.Log.info(Log.java:10)
at com.hrms.utility.Log.info(Log.java:10)
at com.hrms.utility.Log.info(Log.java:10)
at com.hrms.utility.Log.info(Log.java:10)
at com.hrms.utility.Log.info(Log.java:10)
at com.hrms.utility.Log.info(Log.java:10)
at com.hrms.utility.Log.info(Log.java:10)
at com.hrms.utility.Log.info(Log.java:10)
at com.hrms.utility.Log.info(Log.java:10)
at com.hrms.utility.Log.info(Log.java:10)
at com.hrms.utility.Log.info(Log.java:10)
at com.hrms.utility.Log.info(Log.java:10)
at com.hrms.utility.Log.info(Log.java:10)
at com.hrms.utility.Log.info(Log.java:10)
at com.hrms.utility.Log.info(Log.java:10)
at com.hrms.utility.Log.info(Log.java:10)
at com.hrms.utility.Log.info(Log.java:10)
at com.hrms.utility.Log.info(Log.java:10)
at com.hrms.utility.Log.info(Log.java:10)
at com.hrms.utility.Log.info(Log.java:10)
at com.hrms.utility.Log.info(Log.java:10)
at com.hrms.utility.Log.info(Log.java:10)
at com.hrms.utility.Log.info(Log.java:10)
at com.hrms.utility.Log.info(Log.java:10)
at com.hrms.utility.Log.info(Log.java:10)
at com.hrms.utility.Log.info(Log.java:10)
at com.hrms.utility.Log.info(Log.java:10)
at com.hrms.utility.Log.info(Log.java:10)
at com.hrms.utility.Log.info(Log.java:10)
at com.hrms.utility.Log.info(Log.java:10)
at com.hrms.utility.Log.info(Log.java:10)
at com.hrms.utility.Log.info(Log.java:10)
at com.hrms.utility.Log.info(Log.java:10)
at com.hrms.utility.Log.info(Log.java:10)
at com.hrms.utility.Log.info(Log.java:10)
at com.hrms.utility.Log.info(Log.java:10)
at com.hrms.utility.Log.info(Log.java:10)
at com.hrms.utility.Log.info(Log.java:10)
at com.hrms.utility.Log.info(Log.java:10)
at com.hrms.utility.Log.info(Log.java:10)
at com.hrms.utility.Log.info(Log.java:10)
at com.hrms.utility.Log.info(Log.java:10)
at com.hrms.utility.Log.info(Log.java:10)
at com.hrms.utility.Log.info(Log.java:10)
at com.hrms.utility.Log.info(Log.java:10)
at com.hrms.utility.Log.info(Log.java:10)
at com.hrms.utility.Log.info(Log.java:10)
at com.hrms.utility.Log.info(Log.java:10)
at com.hrms.utility.Log.info(Log.java:10)
at com.hrms.utility.Log.info(Log.java:10)
at com.hrms.utility.Log.info(Log.java:10)
at com.hrms.utility.Log.info(Log.java:10)
at com.hrms.utility.Log.info(Log.java:10)
at com.hrms.utility.Log.info(Log.java:10)
at com.hrms.utility.Log.info(Log.java:10)
at com.hrms.utility.Log.info(Log.java:10)
at com.hrms.utility.Log.info(Log.java:10)
at com.hrms.utility.Log.info(Log.java:10)
at com.hrms.utility.Log.info(Log.java:10)
at com.hrms.utility.Log.info(Log.java:10)
at com.hrms.utility.Log.info(Log.java:10)
at com.hrms.utility.Log.info(Log.java:10)
at com.hrms.utility.Log.info(Log.java:10)
at com.hrms.utility.Log.info(Log.java:10)
at com.hrms.utility.Log.info(Log.java:10)
at com.hrms.utility.Log.info(Log.java:10)
at com.hrms.utility.Log.info(Log.java:10)
at com.hrms.utility.Log.info(Log.java:10)
at com.hrms.utility.Log.info(Log.java:10)
at com.hrms.utility.Log.info(Log.java:10)
at com.hrms.utility.Log.info(Log.java:10)
at com.hrms.utility.Log.info(Log.java:10)
at com.hrms.utility.Log.info(Log.java:10)
at com.hrms.utility.Log.info(Log.java:10)
at com.hrms.utility.Log.info(Log.java:10)
at com.hrms.utility.Log.info(Log.java:10)
at com.hrms.utility.Log.info(Log.java:10)
at com.hrms.utility.Log.info(Log.java:10)
at com.hrms.utility.Log.info(Log.java:10)
at com.hrms.utility.Log.info(Log.java:10)
at com.hrms.utility.Log.info(Log.java:10)
at com.hrms.utility.Log.info(Log.java:10)
at com.hrms.utility.Log.info(Log.java:10)
at com.hrms.utility.Log.info(Log.java:10)
at com.hrms.utility.Log.info(Log.java:10)
at com.hrms.utility.Log.info(Log.java:10)
at com.hrms.utility.Log.info(Log.java:10)
at com.hrms.utility.Log.info(Log.java:10)
at com.hrms.utility.Log.info(Log.java:10)
at com.hrms.utility.Log.info(Log.java:10)
at com.hrms.utility.Log.info(Log.java:10)
at com.hrms.utility.Log.info(Log.java:10)
at com.hrms.utility.Log.info(Log.java:10)
at com.hrms.utility.Log.info(Log.java:10)
at com.hrms.utility.Log.info(Log.java:10)
at com.hrms.utility.Log.info(Log.java:10)
at com.hrms.utility.Log.info(Log.java:10)
at com.hrms.utility.Log.info(Log.java:10)
at com.hrms.utility.Log.info(Log.java:10)
at com.hrms.utility.Log.info(Log.java:10)
at com.hrms.utility.Log.info(Log.java:10)
at com.hrms.utility.Log.info(Log.java:10)
at com.hrms.utility.Log.info(Log.java:10)
at com.hrms.utility.Log.info(Log.java:10)
at com.hrms.utility.Log.info(Log.java:10)
at com.hrms.utility.Log.info(Log.java:10)
at com.hrms.utility.Log.info(Log.java:10)
at com.hrms.utility.Log.info(Log.java:10)
at com.hrms.utility.Log.info(Log.java:10)
at com.hrms.utility.Log.info(Log.java:10)
at com.hrms.utility.Log.info(Log.java:10)
at com.hrms.utility.Log.info(Log.java:10)
at com.hrms.utility.Log.info(Log.java:10)
at com.hrms.utility.Log.info(Log.java:10)
at com.hrms.utility.Log.info(Log.java:10)
at com.hrms.utility.Log.info(Log.java:10)
at com.hrms.utility.Log.info(Log.java:10)
at com.hrms.utility.Log.info(Log.java:10)
at com.hrms.utility.Log.info(Log.java:10)
at com.hrms.utility.Log.info(Log.java:10)
at com.hrms.utility.Log.info(Log.java:10)
at com.hrms.utility.Log.info(Log.java:10)
at com.hrms.utility.Log.info(Log.java:10)
at com.hrms.utility.Log.info(Log.java:10)
at com.hrms.utility.Log.info(Log.java:10)
at com.hrms.utility.Log.info(Log.java:10)
at com.hrms.utility.Log.info(Log.java:10)
at com.hrms.utility.Log.info(Log.java:10)
at com.hrms.utility.Log.info(Log.java:10)
at com.hrms.utility.Log.info(Log.java:10)
at com.hrms.utility.Log.info(Log.java:10)
at com.hrms.utility.Log.info(Log.java:10)
at com.hrms.utility.Log.info(Log.java:10)
at com.hrms.utility.Log.info(Log.java:10)
at com.hrms.utility.Log.info(Log.java:10)
at com.hrms.utility.Log.info(Log.java:10)
at com.hrms.utility.Log.info(Log.java:10)
at com.hrms.utility.Log.info(Log.java:10)
at com.hrms.utility.Log.info(Log.java:10)
at com.hrms.utility.Log.info(Log.java:10)
at com.hrms.utility.Log.info(Log.java:10)
at com.hrms.utility.Log.info(Log.java:10)
at com.hrms.utility.Log.info(Log.java:10)
at com.hrms.utility.Log.info(Log.java:10)
at com.hrms.utility.Log.info(Log.java:10)
at com.hrms.utility.Log.info(Log.java:10)
at com.hrms.utility.Log.info(Log.java:10)
at com.hrms.utility.Log.info(Log.java:10)
at com.hrms.utility.Log.info(Log.java:10)
at com.hrms.utility.Log.info(Log.java:10)
at com.hrms.utility.Log.info(Log.java:10)
at com.hrms.utility.Log.info(Log.java:10)
at com.hrms.utility.Log.info(Log.java:10)
at com.hrms.utility.Log.info(Log.java:10)
at com.hrms.utility.Log.info(Log.java:10)
at com.hrms.utility.Log.info(Log.java:10)
at com.hrms.utility.Log.info(Log.java:10)
at com.hrms.utility.Log.info(Log.java:10)
at com.hrms.utility.Log.info(Log.java:10)
at com.hrms.utility.Log.info(Log.java:10)
at com.hrms.utility.Log.info(Log.java:10)
at com.hrms.utility.Log.info(Log.java:10)
at com.hrms.utility.Log.info(Log.java:10)
at com.hrms.utility.Log.info(Log.java:10)
at com.hrms.utility.Log.info(Log.java:10)
at com.hrms.utility.Log.info(Log.java:10)
at com.hrms.utility.Log.info(Log.java:10)
at com.hrms.utility.Log.info(Log.java:10)
at com.hrms.utility.Log.info(Log.java:10)
at com.hrms.utility.Log.info(Log.java:10)
at com.hrms.utility.Log.info(Log.java:10)
at com.hrms.utility.Log.info(Log.java:10)
at com.hrms.utility.Log.info(Log.java:10)
at com.hrms.utility.Log.info(Log.java:10)
at com.hrms.utility.Log.info(Log.java:10)
at com.hrms.utility.Log.info(Log.java:10)
at com.hrms.utility.Log.info(Log.java:10)
at com.hrms.utility.Log.info(Log.java:10)
at com.hrms.utility.Log.info(Log.java:10)
at com.hrms.utility.Log.info(Log.java:10)
at com.hrms.utility.Log.info(Log.java:10)
at com.hrms.utility.Log.info(Log.java:10)
at com.hrms.utility.Log.info(Log.java:10)
at com.hrms.utility.Log.info(Log.java:10)
at com.hrms.utility.Log.info(Log.java:10)
at com.hrms.utility.Log.info(Log.java:10)
at com.hrms.utility.Log.info(Log.java:10)
at com.hrms.utility.Log.info(Log.java:10)
at com.hrms.utility.Log.info(Log.java:10)
at com.hrms.utility.Log.info(Log.java:10)
at com.hrms.utility.Log.info(Log.java:10)
at com.hrms.utility.Log.info(Log.java:10)
at com.hrms.utility.Log.info(Log.java:10)
at com.hrms.utility.Log.info(Log.java:10)
at com.hrms.utility.Log.info(Log.java:10)
at com.hrms.utility.Log.info(Log.java:10)
at com.hrms.utility.Log.info(Log.java:10)
at com.hrms.utility.Log.info(Log.java:10)
at com.hrms.utility.Log.info(Log.java:10)
at com.hrms.utility.Log.info(Log.java:10)
at com.hrms.utility.Log.info(Log.java:10)
at com.hrms.utility.Log.info(Log.java:10)
at com.hrms.utility.Log.info(Log.java:10)
at com.hrms.utility.Log.info(Log.java:10)
at com.hrms.utility.Log.info(Log.java:10)
at com.hrms.utility.Log.info(Log.java:10)
at com.hrms.utility.Log.info(Log.java:10)
at com.hrms.utility.Log.info(Log.java:10)
at com.hrms.utility.Log.info(Log.java:10)
at com.hrms.utility.Log.info(Log.java:10)
at com.hrms.utility.Log.info(Log.java:10)
at com.hrms.utility.Log.info(Log.java:10)
at com.hrms.utility.Log.info(Log.java:10)
at com.hrms.utility.Log.info(Log.java:10)
at com.hrms.utility.Log.info(Log.java:10)
at com.hrms.utility.Log.info(Log.java:10)
at com.hrms.utility.Log.info(Log.java:10)
at com.hrms.utility.Log.info(Log.java:10)
at com.hrms.utility.Log.info(Log.java:10)
at com.hrms.utility.Log.info(Log.java:10)
at com.hrms.utility.Log.info(Log.java:10)
at com.hrms.utility.Log.info(Log.java:10)
at com.hrms.utility.Log.info(Log.java:10)
at com.hrms.utility.Log.info(Log.java:10)
at com.hrms.utility.Log.info(Log.java:10)
at com.hrms.utility.Log.info(Log.java:10)
at com.hrms.utility.Log.info(Log.java:10)
at com.hrms.utility.Log.info(Log.java:10)
at com.hrms.utility.Log.info(Log.java:10)
at com.hrms.utility.Log.info(Log.java:10)
at com.hrms.utility.Log.info(Log.java:10)
at com.hrms.utility.Log.info(Log.java:10)
at com.hrms.utility.Log.info(Log.java:10)
at com.hrms.utility.Log.info(Log.java:10)
at com.hrms.utility.Log.info(Log.java:10)
at com.hrms.utility.Log.info(Log.java:10)
at com.hrms.utility.Log.info(Log.java:10)
at com.hrms.utility.Log.info(Log.java:10)
at com.hrms.utility.Log.info(Log.java:10)
at com.hrms.utility.Log.info(Log.java:10)
at com.hrms.utility.Log.info(Log.java:10)
at com.hrms.utility.Log.info(Log.java:10)
at com.hrms.utility.Log.info(Log.java:10)
at com.hrms.utility.Log.info(Log.java:10)
at com.hrms.utility.Log.info(Log.java:10)
at com.hrms.utility.Log.info(Log.java:10)
at com.hrms.utility.Log.info(Log.java:10)
at com.hrms.utility.Log.info(Log.java:10)
at com.hrms.utility.Log.info(Log.java:10)
at com.hrms.utility.Log.info(Log.java:10)
at com.hrms.utility.Log.info(Log.java:10)
at com.hrms.utility.Log.info(Log.java:10)
at com.hrms.utility.Log.info(Log.java:10)
at com.hrms.utility.Log.info(Log.java:10)
at com.hrms.utility.Log.info(Log.java:10)
at com.hrms.utility.Log.info(Log.java:10)
at com.hrms.utility.Log.info(Log.java:10)
at com.hrms.utility.Log.info(Log.java:10)
at com.hrms.utility.Log.info(Log.java:10)
at com.hrms.utility.Log.info(Log.java:10)
at com.hrms.utility.Log.info(Log.java:10)
at com.hrms.utility.Log.info(Log.java:10)
at com.hrms.utility.Log.info(Log.java:10)
at com.hrms.utility.Log.info(Log.java:10)
at com.hrms.utility.Log.info(Log.java:10)
at com.hrms.utility.Log.info(Log.java:10)
at com.hrms.utility.Log.info(Log.java:10)
at com.hrms.utility.Log.info(Log.java:10)
at com.hrms.utility.Log.info(Log.java:10)
at com.hrms.utility.Log.info(Log.java:10)
at com.hrms.utility.Log.info(Log.java:10)
at com.hrms.utility.Log.info(Log.java:10)
at com.hrms.utility.Log.info(Log.java:10)
at com.hrms.utility.Log.info(Log.java:10)
at com.hrms.utility.Log.info(Log.java:10)
at com.hrms.utility.Log.info(Log.java:10)
at com.hrms.utility.Log.info(Log.java:10)
at com.hrms.utility.Log.info(Log.java:10)
at com.hrms.utility.Log.info(Log.java:10)
at com.hrms.utility.Log.info(Log.java:10)
at com.hrms.utility.Log.info(Log.java:10)
at com.hrms.utility.Log.info(Log.java:10)
at com.hrms.utility.Log.info(Log.java:10)
at com.hrms.utility.Log.info(Log.java:10)
at com.hrms.utility.Log.info(Log.java:10)
at com.hrms.utility.Log.info(Log.java:10)
at com.hrms.utility.Log.info(Log.java:10)
at com.hrms.utility.Log.info(Log.java:10)
at com.hrms.utility.Log.info(Log.java:10)
at com.hrms.utility.Log.info(Log.java:10)
at com.hrms.utility.Log.info(Log.java:10)
at com.hrms.utility.Log.info(Log.java:10)
at com.hrms.utility.Log.info(Log.java:10)
at com.hrms.utility.Log.info(Log.java:10)
at com.hrms.utility.Log.info(Log.java:10)
at com.hrms.utility.Log.info(Log.java:10)
at com.hrms.utility.Log.info(Log.java:10)
at com.hrms.utility.Log.info(Log.java:10)
at com.hrms.utility.Log.info(Log.java:10)
at com.hrms.utility.Log.info(Log.java:10)
at com.hrms.utility.Log.info(Log.java:10)
at com.hrms.utility.Log.info(Log.java:10)
at com.hrms.utility.Log.info(Log.java:10)
at com.hrms.utility.Log.info(Log.java:10)
at com.hrms.utility.Log.info(Log.java:10)
at com.hrms.utility.Log.info(Log.java:10)
at com.hrms.utility.Log.info(Log.java:10)
at com.hrms.utility.Log.info(Log.java:10)
at com.hrms.utility.Log.info(Log.java:10)
at com.hrms.utility.Log.info(Log.java:10)
at com.hrms.utility.Log.info(Log.java:10)
at com.hrms.utility.Log.info(Log.java:10)
at com.hrms.utility.Log.info(Log.java:10)
at com.hrms.utility.Log.info(Log.java:10)
at com.hrms.utility.Log.info(Log.java:10)
at com.hrms.utility.Log.info(Log.java:10)
at com.hrms.utility.Log.info(Log.java:10)
at com.hrms.utility.Log.info(Log.java:10)
at com.hrms.utility.Log.info(Log.java:10)
at com.hrms.utility.Log.info(Log.java:10)
at com.hrms.utility.Log.info(Log.java:10)
at com.hrms.utility.Log.info(Log.java:10)
at com.hrms.utility.Log.info(Log.java:10)
at com.hrms.utility.Log.info(Log.java:10)
at com.hrms.utility.Log.info(Log.java:10)
at com.hrms.utility.Log.info(Log.java:10)
at com.hrms.utility.Log.info(Log.java:10)
at com.hrms.utility.Log.info(Log.java:10)
at com.hrms.utility.Log.info(Log.java:10)
at com.hrms.utility.Log.info(Log.java:10)
at com.hrms.utility.Log.info(Log.java:10)
at com.hrms.utility.Log.info(Log.java:10)
at com.hrms.utility.Log.info(Log.java:10)
at com.hrms.utility.Log.info(Log.java:10)
at com.hrms.utility.Log.info(Log.java:10)
at com.hrms.utility.Log.info(Log.java:10)
at com.hrms.utility.Log.info(Log.java:10)
at com.hrms.utility.Log.info(Log.java:10)
at com.hrms.utility.Log.info(Log.java:10)
at com.hrms.utility.Log.info(Log.java:10)
at com.hrms.utility.Log.info(Log.java:10)
at com.hrms.utility.Log.info(Log.java:10)
at com.hrms.utility.Log.info(Log.java:10)
at com.hrms.utility.Log.info(Log.java:10)
at com.hrms.utility.Log.info(Log.java:10)
at com.hrms.utility.Log.info(Log.java:10)
at com.hrms.utility.Log.info(Log.java:10)
at com.hrms.utility.Log.info(Log.java:10)
at com.hrms.utility.Log.info(Log.java:10)
at com.hrms.utility.Log.info(Log.java:10)
at com.hrms.utility.Log.info(Log.java:10)
at com.hrms.utility.Log.info(Log.java:10)
at com.hrms.utility.Log.info(Log.java:10)
at com.hrms.utility.Log.info(Log.java:10)
at com.hrms.utility.Log.info(Log.java:10)
at com.hrms.utility.Log.info(Log.java:10)
at com.hrms.utility.Log.info(Log.java:10)
at com.hrms.utility.Log.info(Log.java:10)
at com.hrms.utility.Log.info(Log.java:10)
at com.hrms.utility.Log.info(Log.java:10)
at com.hrms.utility.Log.info(Log.java:10)
at com.hrms.utility.Log.info(Log.java:10)
at com.hrms.utility.Log.info(Log.java:10)
at com.hrms.utility.Log.info(Log.java:10)
at com.hrms.utility.Log.info(Log.java:10)
at com.hrms.utility.Log.info(Log.java:10)
at com.hrms.utility.Log.info(Log.java:10)
at com.hrms.utility.Log.info(Log.java:10)
at com.hrms.utility.Log.info(Log.java:10)
at com.hrms.utility.Log.info(Log.java:10)
at com.hrms.utility.Log.info(Log.java:10)
at com.hrms.utility.Log.info(Log.java:10)
at com.hrms.utility.Log.info(Log.java:10)
at com.hrms.utility.Log.info(Log.java:10)
at com.hrms.utility.Log.info(Log.java:10)
at com.hrms.utility.Log.info(Log.java:10)
at com.hrms.utility.Log.info(Log.java:10)
at com.hrms.utility.Log.info(Log.java:10)
at com.hrms.utility.Log.info(Log.java:10)
at com.hrms.utility.Log.info(Log.java:10)
at com.hrms.utility.Log.info(Log.java:10)
at com.hrms.utility.Log.info(Log.java:10)
at com.hrms.utility.Log.info(Log.java:10)
at com.hrms.utility.Log.info(Log.java:10)
at com.hrms.utility.Log.info(Log.java:10)
at com.hrms.utility.Log.info(Log.java:10)
at com.hrms.utility.Log.info(Log.java:10)
at com.hrms.utility.Log.info(Log.java:10)
at com.hrms.utility.Log.info(Log.java:10)
at com.hrms.utility.Log.info(Log.java:10)
at com.hrms.utility.Log.info(Log.java:10)
at com.hrms.utility.Log.info(Log.java:10)
at com.hrms.utility.Log.info(Log.java:10)
at com.hrms.utility.Log.info(Log.java:10)
at com.hrms.utility.Log.info(Log.java:10)
at com.hrms.utility.Log.info(Log.java:10)
at com.hrms.utility.Log.info(Log.java:10)
at com.hrms.utility.Log.info(Log.java:10)
at com.hrms.utility.Log.info(Log.java:10)
at com.hrms.utility.Log.info(Log.java:10)
at com.hrms.utility.Log.info(Log.java:10)
at com.hrms.utility.Log.info(Log.java:10)
at com.hrms.utility.Log.info(Log.java:10)
at com.hrms.utility.Log.info(Log.java:10)
at com.hrms.utility.Log.info(Log.java:10)
at com.hrms.utility.Log.info(Log.java:10)
at com.hrms.utility.Log.info(Log.java:10)
at com.hrms.utility.Log.info(Log.java:10)
at com.hrms.utility.Log.info(Log.java:10)
at com.hrms.utility.Log.info(Log.java:10)
at com.hrms.utility.Log.info(Log.java:10)
at com.hrms.utility.Log.info(Log.java:10)
at com.hrms.utility.Log.info(Log.java:10)
at com.hrms.utility.Log.info(Log.java:10)
at com.hrms.utility.Log.info(Log.java:10)
at com.hrms.utility.Log.info(Log.java:10)
at com.hrms.utility.Log.info(Log.java:10)
at com.hrms.utility.Log.info(Log.java:10)
at com.hrms.utility.Log.info(Log.java:10)
at com.hrms.utility.Log.info(Log.java:10)
at com.hrms.utility.Log.info(Log.java:10)
at com.hrms.utility.Log.info(Log.java:10)
at com.hrms.utility.Log.info(Log.java:10)
at com.hrms.utility.Log.info(Log.java:10)
at com.hrms.utility.Log.info(Log.java:10)
at com.hrms.utility.Log.info(Log.java:10)
at com.hrms.utility.Log.info(Log.java:10)
at com.hrms.utility.Log.info(Log.java:10)
at com.hrms.utility.Log.info(Log.java:10)
at com.hrms.utility.Log.info(Log.java:10)
at com.hrms.utility.Log.info(Log.java:10)
at com.hrms.utility.Log.info(Log.java:10)
at com.hrms.utility.Log.info(Log.java:10)
at com.hrms.utility.Log.info(Log.java:10)
at com.hrms.utility.Log.info(Log.java:10)
at com.hrms.utility.Log.info(Log.java:10)
at com.hrms.utility.Log.info(Log.java:10)
at com.hrms.utility.Log.info(Log.java:10)
at com.hrms.utility.Log.info(Log.java:10)
at com.hrms.utility.Log.info(Log.java:10)
at com.hrms.utility.Log.info(Log.java:10)
at com.hrms.utility.Log.info(Log.java:10)
at com.hrms.utility.Log.info(Log.java:10)
at com.hrms.utility.Log.info(Log.java:10)
at com.hrms.utility.Log.info(Log.java:10)
at com.hrms.utility.Log.info(Log.java:10)
at com.hrms.utility.Log.info(Log.java:10)
at com.hrms.utility.Log.info(Log.java:10)
at com.hrms.utility.Log.info(Log.java:10)
at com.hrms.utility.Log.info(Log.java:10)
at com.hrms.utility.Log.info(Log.java:10)
at com.hrms.utility.Log.info(Log.java:10)
at com.hrms.utility.Log.info(Log.java:10)
at com.hrms.utility.Log.info(Log.java:10)
at com.hrms.utility.Log.info(Log.java:10)
at com.hrms.utility.Log.info(Log.java:10)
at com.hrms.utility.Log.info(Log.java:10)
at com.hrms.utility.Log.info(Log.java:10)
at com.hrms.utility.Log.info(Log.java:10)
at com.hrms.utility.Log.info(Log.java:10)
at com.hrms.utility.Log.info(Log.java:10)
at com.hrms.utility.Log.info(Log.java:10)
at com.hrms.utility.Log.info(Log.java:10)
at com.hrms.utility.Log.info(Log.java:10)
at com.hrms.utility.Log.info(Log.java:10)
at com.hrms.utility.Log.info(Log.java:10)
at com.hrms.utility.Log.info(Log.java:10)
at com.hrms.utility.Log.info(Log.java:10)
at com.hrms.utility.Log.info(Log.java:10)
at com.hrms.utility.Log.info(Log.java:10)
at com.hrms.utility.Log.info(Log.java:10)
at com.hrms.utility.Log.info(Log.java:10)
at com.hrms.utility.Log.info(Log.java:10)
at com.hrms.utility.Log.info(Log.java:10)
at com.hrms.utility.Log.info(Log.java:10)
at com.hrms.utility.Log.info(Log.java:10)
at com.hrms.utility.Log.info(Log.java:10)
at com.hrms.utility.Log.info(Log.java:10)
at com.hrms.utility.Log.info(Log.java:10)
at com.hrms.utility.Log.info(Log.java:10)
at com.hrms.utility.Log.info(Log.java:10)
at com.hrms.utility.Log.info(Log.java:10)
at com.hrms.utility.Log.info(Log.java:10)
at com.hrms.utility.Log.info(Log.java:10)
at com.hrms.utility.Log.info(Log.java:10)
at com.hrms.utility.Log.info(Log.java:10)
at com.hrms.utility.Log.info(Log.java:10)
at com.hrms.utility.Log.info(Log.java:10)
at com.hrms.utility.Log.info(Log.java:10)
at com.hrms.utility.Log.info(Log.java:10)
at com.hrms.utility.Log.info(Log.java:10)
at com.hrms.utility.Log.info(Log.java:10)
at com.hrms.utility.Log.info(Log.java:10)
at com.hrms.utility.Log.info(Log.java:10)
at com.hrms.utility.Log.info(Log.java:10)
at com.hrms.utility.Log.info(Log.java:10)
at com.hrms.utility.Log.info(Log.java:10)
at com.hrms.utility.Log.info(Log.java:10)
at com.hrms.utility.Log.info(Log.java:10)
at com.hrms.utility.Log.info(Log.java:10)
at com.hrms.utility.Log.info(Log.java:10)
at com.hrms.utility.Log.info(Log.java:10)
at com.hrms.utility.Log.info(Log.java:10)
at com.hrms.utility.Log.info(Log.java:10)
at com.hrms.utility.Log.info(Log.java:10)
at com.hrms.utility.Log.info(Log.java:10)
at com.hrms.utility.Log.info(Log.java:10)
at com.hrms.utility.Log.info(Log.java:10)
at com.hrms.utility.Log.info(Log.java:10)
at com.hrms.utility.Log.info(Log.java:10)
at com.hrms.utility.Log.info(Log.java:10)
at com.hrms.utility.Log.info(Log.java:10)
at com.hrms.utility.Log.info(Log.java:10)
at com.hrms.utility.Log.info(Log.java:10)
at com.hrms.utility.Log.info(Log.java:10)
at com.hrms.utility.Log.info(Log.java:10)
at com.hrms.utility.Log.info(Log.java:10)
at com.hrms.utility.Log.info(Log.java:10)
at com.hrms.utility.Log.info(Log.java:10)
at com.hrms.utility.Log.info(Log.java:10)
at com.hrms.utility.Log.info(Log.java:10)
at com.hrms.utility.Log.info(Log.java:10)
at com.hrms.utility.Log.info(Log.java:10)
at com.hrms.utility.Log.info(Log.java:10)
at com.hrms.utility.Log.info(Log.java:10)
at com.hrms.utility.Log.info(Log.java:10)
at com.hrms.utility.Log.info(Log.java:10)
at com.hrms.utility.Log.info(Log.java:10)
at com.hrms.utility.Log.info(Log.java:10)
at com.hrms.utility.Log.info(Log.java:10)
at com.hrms.utility.Log.info(Log.java:10)
at com.hrms.utility.Log.info(Log.java:10)
at com.hrms.utility.Log.info(Log.java:10)
at com.hrms.utility.Log.info(Log.java:10)
at com.hrms.utility.Log.info(Log.java:10)
at com.hrms.utility.Log.info(Log.java:10)
at com.hrms.utility.Log.info(Log.java:10)
at com.hrms.utility.Log.info(Log.java:10)
at com.hrms.utility.Log.info(Log.java:10)
at com.hrms.utility.Log.info(Log.java:10)
at com.hrms.utility.Log.info(Log.java:10)
at com.hrms.utility.Log.info(Log.java:10)
at com.hrms.utility.Log.info(Log.java:10)
at com.hrms.utility.Log.info(Log.java:10)
at com.hrms.utility.Log.info(Log.java:10)
at com.hrms.utility.Log.info(Log.java:10)
at com.hrms.utility.Log.info(Log.java:10)
at com.hrms.utility.Log.info(Log.java:10)
at com.hrms.utility.Log.info(Log.java:10)
at com.hrms.utility.Log.info(Log.java:10)
at com.hrms.utility.Log.info(Log.java:10)
at com.hrms.utility.Log.info(Log.java:10)
at com.hrms.utility.Log.info(Log.java:10)
at com.hrms.utility.Log.info(Log.java:10)
at com.hrms.utility.Log.info(Log.java:10)
at com.hrms.utility.Log.info(Log.java:10)
at com.hrms.utility.Log.info(Log.java:10)
at com.hrms.utility.Log.info(Log.java:10)
at com.hrms.utility.Log.info(Log.java:10)
at com.hrms.utility.Log.info(Log.java:10)
at com.hrms.utility.Log.info(Log.java:10)
at com.hrms.utility.Log.info(Log.java:10)
at com.hrms.utility.Log.info(Log.java:10)
at com.hrms.utility.Log.info(Log.java:10)
at com.hrms.utility.Log.info(Log.java:10)
at com.hrms.utility.Log.info(Log.java:10)
at com.hrms.utility.Log.info(Log.java:10)
at com.hrms.utility.Log.info(Log.java:10)
at com.hrms.utility.Log.info(Log.java:10)
at com.hrms.utility.Log.info(Log.java:10)
at com.hrms.utility.Log.info(Log.java:10)
at com.hrms.utility.Log.info(Log.java:10)
at com.hrms.utility.Log.info(Log.java:10)
at com.hrms.utility.Log.info(Log.java:10)
at com.hrms.utility.Log.info(Log.java:10)
at com.hrms.utility.Log.info(Log.java:10)
at com.hrms.utility.Log.info(Log.java:10)
at com.hrms.utility.Log.info(Log.java:10)
at com.hrms.utility.Log.info(Log.java:10)
at com.hrms.utility.Log.info(Log.java:10)
at com.hrms.utility.Log.info(Log.java:10)
at com.hrms.utility.Log.info(Log.java:10)
at com.hrms.utility.Log.info(Log.java:10)
at com.hrms.utility.Log.info(Log.java:10)
at com.hrms.utility.Log.info(Log.java:10)
at com.hrms.utility.Log.info(Log.java:10)
at com.hrms.utility.Log.info(Log.java:10)
at com.hrms.utility.Log.info(Log.java:10)
at com.hrms.utility.Log.info(Log.java:10)
at com.hrms.utility.Log.info(Log.java:10)
at com.hrms.utility.Log.info(Log.java:10)
at com.hrms.utility.Log.info(Log.java:10)
at com.hrms.utility.Log.info(Log.java:10)
at com.hrms.utility.Log.info(Log.java:10)
at com.hrms.utility.Log.info(Log.java:10)
at com.hrms.utility.Log.info(Log.java:10)
at com.hrms.utility.Log.info(Log.java:10)
at com.hrms.utility.Log.info(Log.java:10)
at com.hrms.utility.Log.info(Log.java:10)
at com.hrms.utility.Log.info(Log.java:10)
at com.hrms.utility.Log.info(Log.java:10)
at com.hrms.utility.Log.info(Log.java:10)
at com.hrms.utility.Log.info(Log.java:10)
at com.hrms.utility.Log.info(Log.java:10)
at com.hrms.utility.Log.info(Log.java:10)
at com.hrms.utility.Log.info(Log.java:10)
at com.hrms.utility.Log.info(Log.java:10)
at com.hrms.utility.Log.info(Log.java:10)
at com.hrms.utility.Log.info(Log.java:10)
at com.hrms.utility.Log.info(Log.java:10)
at com.hrms.utility.Log.info(Log.java:10)
at com.hrms.utility.Log.info(Log.java:10)
at com.hrms.utility.Log.info(Log.java:10)
at com.hrms.utility.Log.info(Log.java:10)
at com.hrms.utility.Log.info(Log.java:10)
at com.hrms.utility.Log.info(Log.java:10)
at com.hrms.utility.Log.info(Log.java:10)
at com.hrms.utility.Log.info(Log.java:10)
at com.hrms.utility.Log.info(Log.java:10)
at com.hrms.utility.Log.info(Log.java:10)
at com.hrms.utility.Log.info(Log.java:10)
at com.hrms.utility.Log.info(Log.java:10)
at com.hrms.utility.Log.info(Log.java:10)
at com.hrms.utility.Log.info(Log.java:10)
at com.hrms.utility.Log.info(Log.java:10)
at com.hrms.utility.Log.info(Log.java:10)
at com.hrms.utility.Log.info(Log.java:10)
at com.hrms.utility.Log.info(Log.java:10)
at com.hrms.utility.Log.info(Log.java:10)
at com.hrms.utility.Log.info(Log.java:10)
at com.hrms.utility.Log.info(Log.java:10)
at com.hrms.utility.Log.info(Log.java:10)
at com.hrms.utility.Log.info(Log.java:10)
at com.hrms.utility.Log.info(Log.java:10)
at com.hrms.utility.Log.info(Log.java:10)
at com.hrms.utility.Log.info(Log.java:10)
at com.hrms.utility.Log.info(Log.java:10)
at com.hrms.utility.Log.info(Log.java:10)
at com.hrms.utility.Log.info(Log.java:10)
at com.hrms.utility.Log.info(Log.java:10)
at com.hrms.utility.Log.info(Log.java:10)
at com.hrms.utility.Log.info(Log.java:10)
at com.hrms.utility.Log.info(Log.java:10)
at com.hrms.utility.Log.info(Log.java:10)
at com.hrms.utility.Log.info(Log.java:10)
at com.hrms.utility.Log.info(Log.java:10)
at com.hrms.utility.Log.info(Log.java:10)
at com.hrms.utility.Log.info(Log.java:10)
at com.hrms.utility.Log.info(Log.java:10)
at com.hrms.utility.Log.info(Log.java:10)
at com.hrms.utility.Log.info(Log.java:10)
at com.hrms.utility.Log.info(Log.java:10)
at com.hrms.utility.Log.info(Log.java:10)
at com.hrms.utility.Log.info(Log.java:10)
at com.hrms.utility.Log.info(Log.java:10)
at com.hrms.utility.Log.info(Log.java:10)
at com.hrms.utility.Log.info(Log.java:10)
at com.hrms.utility.Log.info(Log.java:10)
at com.hrms.utility.Log.info(Log.java:10)
at com.hrms.utility.Log.info(Log.java:10)
at com.hrms.utility.Log.info(Log.java:10)
at com.hrms.utility.Log.info(Log.java:10)
at com.hrms.utility.Log.info(Log.java:10)
at com.hrms.utility.Log.info(Log.java:10)
at com.hrms.utility.Log.info(Log.java:10)
at com.hrms.utility.Log.info(Log.java:10)
at com.hrms.utility.Log.info(Log.java:10)
at com.hrms.utility.Log.info(Log.java:10)
at com.hrms.utility.Log.info(Log.java:10)
at com.hrms.utility.Log.info(Log.java:10)
at com.hrms.utility.Log.info(Log.java:10)
at com.hrms.utility.Log.info(Log.java:10)
at com.hrms.utility.Log.info(Log.java:10)
at com.hrms.utility.Log.info(Log.java:10)
at com.hrms.utility.Log.info(Log.java:10)
at com.hrms.utility.Log.info(Log.java:10)
at com.hrms.utility.Log.info(Log.java:10)
at com.hrms.utility.Log.info(Log.java:10)
at com.hrms.utility.Log.info(Log.java:10)
at com.hrms.utility.Log.info(Log.java:10)
at com.hrms.utility.Log.info(Log.java:10)
at com.hrms.utility.Log.info(Log.java:10)
at com.hrms.utility.Log.info(Log.java:10)
at com.hrms.utility.Log.info(Log.java:10)
at com.hrms.utility.Log.info(Log.java:10)
at com.hrms.utility.Log.info(Log.java:10)
at com.hrms.utility.Log.info(Log.java:10)
at com.hrms.utility.Log.info(Log.java:10)
at com.hrms.utility.Log.info(Log.java:10)
at com.hrms.utility.Log.info(Log.java:10)
at com.hrms.utility.Log.info(Log.java:10)
at com.hrms.utility.Log.info(Log.java:10)
at com.hrms.utility.Log.info(Log.java:10)
at com.hrms.utility.Log.info(Log.java:10)
at com.hrms.utility.Log.info(Log.java:10)
at com.hrms.utility.Log.info(Log.java:10)
at com.hrms.utility.Log.info(Log.java:10)
at com.hrms.utility.Log.info(Log.java:10)
at com.hrms.utility.Log.info(Log.java:10)
at com.hrms.utility.Log.info(Log.java:10)
at com.hrms.utility.Log.info(Log.java:10)
at com.hrms.utility.Log.info(Log.java:10)
at com.hrms.utility.Log.info(Log.java:10)
at com.hrms.utility.Log.info(Log.java:10)
at com.hrms.utility.Log.info(Log.java:10)
at com.hrms.utility.Log.info(Log.java:10)
at com.hrms.utility.Log.info(Log.java:10)
at com.hrms.utility.Log.info(Log.java:10)
at com.hrms.utility.Log.info(Log.java:10)
at com.hrms.utility.Log.info(Log.java:10)
at com.hrms.utility.Log.info(Log.java:10)
at com.hrms.utility.Log.info(Log.java:10)
at com.hrms.utility.Log.info(Log.java:10)
at com.hrms.utility.Log.info(Log.java:10)
at com.hrms.utility.Log.info(Log.java:10)
at com.hrms.utility.Log.info(Log.java:10)
at com.hrms.utility.Log.info(Log.java:10)
at com.hrms.utility.Log.info(Log.java:10)
at com.hrms.utility.Log.info(Log.java:10)
at com.hrms.utility.Log.info(Log.java:10)
at com.hrms.utility.Log.info(Log.java:10)
at com.hrms.utility.Log.info(Log.java:10)
at com.hrms.utility.Log.info(Log.java:10)
at com.hrms.utility.Log.info(Log.java:10)
at com.hrms.utility.Log.info(Log.java:10)
at com.hrms.utility.Log.info(Log.java:10)
at com.hrms.utility.Log.info(Log.java:10)
at com.hrms.utility.Log.info(Log.java:10)
at com.hrms.utility.Log.info(Log.java:10)
at com.hrms.utility.Log.info(Log.java:10)
at com.hrms.utility.Log.info(Log.java:10)
at com.hrms.utility.Log.info(Log.java:10)
at com.hrms.utility.Log.info(Log.java:10)
at com.hrms.utility.Log.info(Log.java:10)
at com.hrms.utility.Log.info(Log.java:10)
at com.hrms.utility.Log.info(Log.java:10)
at com.hrms.utility.Log.info(Log.java:10)
at com.hrms.utility.Log.info(Log.java:10)
at com.hrms.utility.Log.info(Log.java:10)
at com.hrms.utility.Log.info(Log.java:10)
at com.hrms.utility.Log.info(Log.java:10)
at com.hrms.utility.Log.info(Log.java:10)
at com.hrms.utility.Log.info(Log.java:10)
at com.hrms.utility.Log.info(Log.java:10)
at com.hrms.utility.Log.info(Log.java:10)
at com.hrms.utility.Log.info(Log.java:10)
at com.hrms.utility.Log.info(Log.java:10)
at com.hrms.utility.Log.info(Log.java:10)
at com.hrms.utility.Log.info(Log.java:10)
at com.hrms.utility.Log.info(Log.java:10)
at com.hrms.utility.Log.info(Log.java:10)
at com.hrms.utility.Log.info(Log.java:10)
at com.hrms.utility.Log.info(Log.java:10)
at com.hrms.utility.Log.info(Log.java:10)
at com.hrms.utility.Log.info(Log.java:10)
]]>
    </failure>
  </testcase> <!-- tc002 -->
</testsuite> <!-- Default test -->
