<?xml version="1.0" encoding="UTF-8"?>
<testng-results ignored="0" total="2" passed="2" failed="0" skipped="0">
  <reporter-output>
  </reporter-output>
  <suite started-at="2022-08-11T17:52:43 IST" name="Suite1" finished-at="2022-08-11T17:53:02 IST" duration-ms="19592">
    <groups>
    </groups>
    <test started-at="2022-08-11T17:52:43 IST" name="Nopackage" finished-at="2022-08-11T17:53:02 IST" duration-ms="19592">
      <class name="com.rah.testscript.TC002">
        <test-method signature="tc002()[pri:0, instance:com.rah.testscript.TC002@7205765b]" started-at="2022-08-11T17:52:50 IST" name="tc002" finished-at="2022-08-11T17:53:02 IST" duration-ms="12379" status="PASS">
          <reporter-output>
          </reporter-output>
        </test-method> <!-- tc002 -->
      </class> <!-- com.rah.testscript.TC002 -->
      <class name="com.rah.testscript.TC001">
        <test-method signature="tc001()[pri:0, instance:com.rah.testscript.TC001@662b4c69]" started-at="2022-08-11T17:52:43 IST" name="tc001" finished-at="2022-08-11T17:52:50 IST" duration-ms="7160" status="PASS">
          <reporter-output>
          </reporter-output>
        </test-method> <!-- tc001 -->
      </class> <!-- com.rah.testscript.TC001 -->
    </test> <!-- Nopackage -->
  </suite> <!-- Suite1 -->
</testng-results>
